<?xml version="1.0" encoding="UTF-8"?>
<testng-results ignored="0" total="1" passed="1" failed="0" skipped="0">
  <reporter-output>
  </reporter-output>
  <suite started-at="2021-12-19T08:49:23Z" name="Default suite" finished-at="2021-12-19T08:49:29Z" duration-ms="5380">
    <groups>
    </groups>
    <test started-at="2021-12-19T08:49:23Z" name="Default test" finished-at="2021-12-19T08:49:29Z" duration-ms="5380">
      <class name="testcases.CheckBoxesTest">
        <test-method is-config="true" signature="setup()[pri:0, instance:testcases.CheckBoxesTest@51e69659]" started-at="2021-12-19T08:49:23Z" name="setup" finished-at="2021-12-19T08:49:26Z" duration-ms="2513" status="PASS">
          <reporter-output>
          </reporter-output>
        </test-method> <!-- setup -->
        <test-method signature="checkBoxesTest()[pri:0, instance:testcases.CheckBoxesTest@51e69659]" started-at="2021-12-19T08:49:26Z" name="checkBoxesTest" finished-at="2021-12-19T08:49:26Z" duration-ms="241" status="PASS">
          <reporter-output>
          </reporter-output>
        </test-method> <!-- checkBoxesTest -->
        <test-method is-config="true" signature="teardown()[pri:0, instance:testcases.CheckBoxesTest@51e69659]" started-at="2021-12-19T08:49:26Z" name="teardown" finished-at="2021-12-19T08:49:29Z" duration-ms="2604" status="PASS">
          <reporter-output>
          </reporter-output>
        </test-method> <!-- teardown -->
      </class> <!-- testcases.CheckBoxesTest -->
    </test> <!-- Default test -->
  </suite> <!-- Default suite -->
</testng-results>
